  gr.cpp
C:\Users\q\source\repos\Hodgking_Huxley\graphic\gr.cpp(44,60): warning C4244: return: преобразование "double" в "int", возможна потеря данных
C:\Users\q\source\repos\Hodgking_Huxley\graphic\gr.cpp(162,26): warning C4244: =: преобразование "double" в "float", возможна потеря данных
C:\Users\q\source\repos\Hodgking_Huxley\graphic\gr.cpp(163,27): warning C4244: =: преобразование "double" в "float", возможна потеря данных
C:\Users\q\source\repos\Hodgking_Huxley\graphic\gr.cpp(164,29): warning C4244: =: преобразование "double" в "float", возможна потеря данных
C:\Users\q\source\repos\Hodgking_Huxley\graphic\gr.cpp(165,29): warning C4244: =: преобразование "double" в "float", возможна потеря данных
C:\Users\q\source\repos\Hodgking_Huxley\graphic\gr.cpp(258,26): warning C4244: =: преобразование "double" в "float", возможна потеря данных
C:\Users\q\source\repos\Hodgking_Huxley\graphic\gr.cpp(259,27): warning C4244: =: преобразование "double" в "float", возможна потеря данных
C:\Users\q\source\repos\Hodgking_Huxley\graphic\gr.cpp(260,29): warning C4244: =: преобразование "double" в "float", возможна потеря данных
C:\Users\q\source\repos\Hodgking_Huxley\graphic\gr.cpp(261,29): warning C4244: =: преобразование "double" в "float", возможна потеря данных
C:\Users\q\source\repos\Hodgking_Huxley\graphic\gr.cpp(310,26): warning C4244: =: преобразование "double" в "float", возможна потеря данных
C:\Users\q\source\repos\Hodgking_Huxley\graphic\gr.cpp(311,27): warning C4244: =: преобразование "double" в "float", возможна потеря данных
C:\Users\q\source\repos\Hodgking_Huxley\graphic\gr.cpp(312,29): warning C4244: =: преобразование "double" в "float", возможна потеря данных
C:\Users\q\source\repos\Hodgking_Huxley\graphic\gr.cpp(313,29): warning C4244: =: преобразование "double" в "float", возможна потеря данных
C:\Users\q\source\repos\Hodgking_Huxley\graphic\gr.cpp(357,20): warning C4305: +=: усечение из "double" в "float"
C:\Users\q\source\repos\Hodgking_Huxley\graphic\gr.cpp(381,26): warning C4244: =: преобразование "double" в "float", возможна потеря данных
C:\Users\q\source\repos\Hodgking_Huxley\graphic\gr.cpp(382,27): warning C4244: =: преобразование "double" в "float", возможна потеря данных
C:\Users\q\source\repos\Hodgking_Huxley\graphic\gr.cpp(383,29): warning C4244: =: преобразование "double" в "float", возможна потеря данных
C:\Users\q\source\repos\Hodgking_Huxley\graphic\gr.cpp(384,29): warning C4244: =: преобразование "double" в "float", возможна потеря данных
C:\Users\q\source\repos\Hodgking_Huxley\graphic\gr.cpp(428,20): warning C4305: +=: усечение из "double" в "float"
C:\Users\q\source\repos\Hodgking_Huxley\graphic\gr.cpp(451,26): warning C4244: =: преобразование "double" в "float", возможна потеря данных
C:\Users\q\source\repos\Hodgking_Huxley\graphic\gr.cpp(452,27): warning C4244: =: преобразование "double" в "float", возможна потеря данных
C:\Users\q\source\repos\Hodgking_Huxley\graphic\gr.cpp(453,29): warning C4244: =: преобразование "double" в "float", возможна потеря данных
C:\Users\q\source\repos\Hodgking_Huxley\graphic\gr.cpp(454,29): warning C4244: =: преобразование "double" в "float", возможна потеря данных
C:\Users\q\source\repos\Hodgking_Huxley\graphic\gr.cpp(498,20): warning C4305: +=: усечение из "double" в "float"
C:\Users\q\source\repos\Hodgking_Huxley\graphic\gr.cpp(523,26): warning C4244: =: преобразование "double" в "float", возможна потеря данных
C:\Users\q\source\repos\Hodgking_Huxley\graphic\gr.cpp(524,27): warning C4244: =: преобразование "double" в "float", возможна потеря данных
C:\Users\q\source\repos\Hodgking_Huxley\graphic\gr.cpp(525,29): warning C4244: =: преобразование "double" в "float", возможна потеря данных
C:\Users\q\source\repos\Hodgking_Huxley\graphic\gr.cpp(526,29): warning C4244: =: преобразование "double" в "float", возможна потеря данных
C:\Users\q\source\repos\Hodgking_Huxley\graphic\gr.cpp(619,26): warning C4244: =: преобразование "double" в "float", возможна потеря данных
C:\Users\q\source\repos\Hodgking_Huxley\graphic\gr.cpp(620,27): warning C4244: =: преобразование "double" в "float", возможна потеря данных
C:\Users\q\source\repos\Hodgking_Huxley\graphic\gr.cpp(621,29): warning C4244: =: преобразование "double" в "float", возможна потеря данных
C:\Users\q\source\repos\Hodgking_Huxley\graphic\gr.cpp(622,29): warning C4244: =: преобразование "double" в "float", возможна потеря данных
  gr.obj : обнаружен модуль MSIL; для MSIL последовательная компоновка отключена; выполняется полная компоновка
  graphic.vcxproj -> C:\Users\q\source\repos\Hodgking_Huxley\graphic\x64\Debug\graphic.exe
